<?xml version="1.0" encoding="UTF-8"?>
<!-- Generated by org.testng.reporters.JUnitReportReporter -->
<testsuite hostname="DESKTOP-79P3643" failures="0" tests="1" name="com.demoblaze.tests.HomePageTest" time="3.589" errors="0" timestamp="2025-01-08T11:08:52 IST" skipped="0">
  <testcase classname="com.demoblaze.tests.HomePageTest" name="testHomePageElements" time="3.589"/>
  <system-out/>
</testsuite> <!-- com.demoblaze.tests.HomePageTest -->
