<?xml version="1.0" encoding="UTF-8"?>
<!-- Generated by org.testng.reporters.JUnitReportReporter -->
<testsuite hostname="DESKTOP-79P3643" failures="0" tests="1" name="com.demoblaze.tests.LoginPageTest" time="6.411" errors="0" timestamp="2025-01-08T11:00:50 IST" skipped="0">
  <testcase classname="com.demoblaze.tests.LoginPageTest" name="testLogin" time="6.411"/>
  <system-out/>
</testsuite> <!-- com.demoblaze.tests.LoginPageTest -->
