<?xml version="1.0" encoding="UTF-8"?>
<!-- Generated by org.testng.reporters.JUnitReportReporter -->
<testsuite hostname="DESKTOP-79P3643" failures="0" tests="1" name="com.bestbuy.tests.MenuNamePrinterTest" time="102.090" errors="0" timestamp="2025-10-01T23:43:16 IST" skipped="0">
  <testcase classname="com.bestbuy.tests.MenuNamePrinterTest" name="printMenuNames" time="102.090"/>
  <system-out/>
</testsuite> <!-- com.bestbuy.tests.MenuNamePrinterTest -->
