<?xml version="1.0" encoding="UTF-8"?>
<!-- Generated by org.testng.reporters.JUnitReportReporter -->
<testsuite hostname="DESKTOP-79P3643" failures="0" tests="1" name="com.bestbuy.tests.LinkNavigatorTest" time="44.800" errors="0" timestamp="2025-10-01T22:52:19 IST" skipped="0">
  <testcase classname="com.bestbuy.tests.LinkNavigatorTest" name="validateBaseUrlLink" time="44.800"/>
  <system-out/>
</testsuite> <!-- com.bestbuy.tests.LinkNavigatorTest -->
