<?xml version="1.0" encoding="UTF-8"?>
<!-- Generated by org.testng.reporters.JUnitReportReporter -->
<testsuite hostname="DESKTOP-79P3643" failures="0" tests="1" name="com.bestbuy.tests.selectAndAddFromDepartmentTest" time="43.429" errors="0" timestamp="2025-10-02T03:57:39 IST" skipped="0">
  <testcase classname="com.bestbuy.tests.selectAndAddFromDepartmentTest" name="selectAndAddFromDepartmentTest" time="43.429"/>
  <system-out/>
</testsuite> <!-- com.bestbuy.tests.selectAndAddFromDepartmentTest -->
