<?xml version="1.0" encoding="UTF-8"?>
<!-- Generated by org.testng.reporters.JUnitReportReporter -->
<testsuite hostname="DESKTOP-79P3643" failures="0" tests="1" name="com.bestbuy.tests.BestBuyOpenToCloseBrowserTest" time="112.309" errors="0" timestamp="2025-10-04T13:18:58 IST" skipped="0">
  <testcase classname="com.bestbuy.tests.BestBuyOpenToCloseBrowserTest" name="loginFlowTest" time="112.309"/>
  <system-out/>
</testsuite> <!-- com.bestbuy.tests.BestBuyOpenToCloseBrowserTest -->
