<?xml version="1.0" encoding="UTF-8"?>
<!-- Generated by org.testng.reporters.JUnitReportReporter -->
<testsuite hostname="DESKTOP-79P3643" failures="0" tests="1" name="com.bestbuy.tests.BottomMenuTest" time="953.436" errors="0" timestamp="2025-10-02T01:07:07 IST" skipped="0">
  <testcase classname="com.bestbuy.tests.BottomMenuTest" name="validateBottomLinks" time="953.436"/>
  <system-out/>
</testsuite> <!-- com.bestbuy.tests.BottomMenuTest -->
