<?xml version="1.0" encoding="UTF-8"?>
<!-- Generated by org.testng.reporters.JUnitReportReporter -->
<testsuite hostname="DESKTOP-79P3643" failures="0" tests="1" name="com.bestbuy.test.BrokenLinkTest" time="12.137" errors="0" timestamp="2025-09-28T20:58:59 IST" skipped="0">
  <testcase classname="com.bestbuy.test.BrokenLinkTest" name="validateBestBuyLink" time="12.137"/>
</testsuite> <!-- com.bestbuy.test.BrokenLinkTest -->
