<?xml version="1.0" encoding="UTF-8"?>
<!-- Generated by org.testng.reporters.JUnitReportReporter -->
<testsuite hostname="DESKTOP-79P3643" failures="0" tests="1" name="com.bestbuy.tests.MenuNavigatorTest" time="71.783" errors="0" timestamp="2025-10-01T23:14:49 IST" skipped="0">
  <testcase classname="com.bestbuy.tests.MenuNavigatorTest" name="navigateMenusAndPrintTitles" time="71.783"/>
  <system-out/>
</testsuite> <!-- com.bestbuy.tests.MenuNavigatorTest -->
