<?xml version="1.0" encoding="UTF-8"?>
<!-- Generated by org.testng.reporters.JUnitReportReporter -->
<testsuite hostname="DESKTOP-79P3643" failures="0" tests="1" name="com.bestbuy.tests.SelectAndAddFromBrandTest" time="43.866" errors="0" timestamp="2025-10-02T15:27:02 IST" skipped="0">
  <testcase classname="com.bestbuy.tests.SelectAndAddFromBrandTest" name="selectAndAddFromBrand" time="43.866"/>
  <system-out/>
</testsuite> <!-- com.bestbuy.tests.SelectAndAddFromBrandTest -->
