<?xml version="1.0" encoding="UTF-8"?>
<!-- Generated by org.testng.reporters.JUnitReportReporter -->
<testsuite hostname="DESKTOP-79P3643" failures="0" tests="1" name="com.bestbuy.tests.MenuNavigationTest" time="406.497" errors="0" timestamp="2025-10-02T00:27:12 IST" skipped="0">
  <testcase classname="com.bestbuy.tests.MenuNavigationTest" name="navigateTopMenusAndValidateTitle" time="406.497"/>
  <system-out/>
</testsuite> <!-- com.bestbuy.tests.MenuNavigationTest -->
